<<<<<<< HEAD
This is XeTeX, Version 3.141592653-2.6-0.999995 (TeX Live 2023) (preloaded format=xelatex 2023.9.20)  26 SEP 2023 16:12
=======
This is XeTeX, Version 3.141592653-2.6-0.999995 (TeX Live 2023) (preloaded format=xelatex 2023.9.28)  2 OCT 2023 09:59
>>>>>>> e212ba87b767191950cc9b3480b9f8d800c0b08f
entering extended mode
 restricted \write18 enabled.
 %&-line parsing enabled.
**zemmels_hofmann_vanderplas.tex
(./zemmels_hofmann_vanderplas.tex
LaTeX2e <2023-06-01> patch level 1
L3 programming layer <2023-08-29>
(./JASA.cls
Document Class: JASA 2019/09/09 Version 1.1, document class
Class JASA Info: 
 Written by Amy Hendrickson, amyh@texnology.com, http://www.texnology.com 
 
  on input line 93.
(c:/Users/jzemm/AppData/Roaming/TinyTeX/texmf-dist/tex/latex/revtex4-1/revtex4-1.cls
Document Class: revtex4-1 2020/09/30 4.1s (http://publish.aps.org/revtex4/ for documentation)
 Copyright (c) 2009 The American Physical Society.
 mailto:revtex@aps.org
 Licensed under the LPPL:
http://www.ctan.org/tex-archive/macros/latex/base/lppl.txt
 Arthur Ogawa <arthur_ogawa at sbcglobal dot net>
 Based on work by David Carlisle <david at dcarlisle.demon.co.uk>.
ltxutil[2020/09/30 4.1s utilities package (portions licensed from W. E. Baxter web at superscript.com)]
LaTeX Info: Redefining \@centercr on input line 346.
Class revtex4-1 Info: Repairing hyperref-unfriendly LaTeX definition of \mpfootnote on input line 471.
Class revtex4-1 Info: Repairing broken LateX \@sect on input line 793.
\intertabularlinepenalty=\count181
\@tbpen=\count182
\@arstrutbox@hline=\box51
Class revtex4-1 Info: Repairing broken LaTeX \@xbitor on input line 1824.
Class revtex4-1 Info: Making \typeout \long on input line 2089.
ltxfront[2020/09/30 4.1s frontmatter package (AO,DPC)]
\c@affil=\count183
\c@collab=\count184
\absbox=\box52
ltxgrid[2020/09/30 4.1s page grid package (portions licensed from W. E. Baxter web at superscript.com)]
\c@linecount=\count185
\output@latex=\toks17
\box@size@1=\box53
\box@size@2=\box54
\@protection@box=\box55
\@topmark@saved=\toks18
\footins@saved=\box56
\footins@recovered=\box57
\column@recovered=\box58
\pagesofar=\box59
\footsofar=\box60
\pagegrid@col=\count186
Class revtex4-1 Info: Overriding \@vspace, \@vspacer, \@no@pgbk, \@newline, and \\  on input line 5655.
\c@part=\count187
\c@section=\count188
\c@subsection=\count189
\c@subsubsection=\count190
\c@paragraph=\count191
\c@subparagraph=\count192
\abovecaptionskip=\skip48
\belowcaptionskip=\skip49
\c@figure=\count193
\fbox@1=\box61
\c@table=\count194
\fbox@2=\box62
\c@video=\count195
\fbox@4=\box63
\@bibdataout=\write3
\widetext@top=\box64
\widetext@bot=\box65
Class revtex4-1 Info: Selecting society aip on input line 7616.
(c:/Users/jzemm/AppData/Roaming/TinyTeX/texmf-dist/tex/latex/revtex4-1/aip4-1.rtx
File: aip4-1.rtx 2020/09/30 4.1s AIP substyle for REVTeX
Class revtex4-1 Info: RevTeX society AIP selected on input line 64.
)

Class revtex4-1 Warning: No journal specified, using default cha.

Using journal substyle cha.
Class revtex4-1 Info: Reading file aps10pt4-1.rtx on input line 7621.
(c:/Users/jzemm/AppData/Roaming/TinyTeX/texmf-dist/tex/latex/revtex4-1/aps10pt4-1.rtx
File: aps10pt4-1 2020/09/30 4.1s (http://publish.aps.org/revtex4/ for documentation)
Class revtex4-1 Info: RevTeX pointsize 10pt selected on input line 30.
)
Class revtex4-1 Info: Overriding 10pt on input line 7621.
(c:/Users/jzemm/AppData/Roaming/TinyTeX/texmf-dist/tex/latex/textcase/textcase.sty
Package: textcase 2023/07/27 v1.04 Text only upper/lower case changing (DPC)
Package textcase Info: Defining Legacy names on input line 20.
) (c:/Users/jzemm/AppData/Roaming/TinyTeX/texmf-dist/tex/latex/amsfonts/amssymb.sty
Package: amssymb 2013/01/14 v3.01 AMS font symbols
(c:/Users/jzemm/AppData/Roaming/TinyTeX/texmf-dist/tex/latex/amsfonts/amsfonts.sty
Package: amsfonts 2013/01/14 v3.01 Basic AMSFonts support
\@emptytoks=\toks19
\symAMSa=\mathgroup4
\symAMSb=\mathgroup5
LaTeX Font Info:    Redeclaring math symbol \hbar on input line 98.
LaTeX Font Info:    Overwriting math alphabet `\mathfrak' in version `bold'
(Font)                  U/euf/m/n --> U/euf/b/n on input line 106.
)) (c:/Users/jzemm/AppData/Roaming/TinyTeX/texmf-dist/tex/latex/amsmath/amsmath.sty
Package: amsmath 2023/05/13 v2.17o AMS math features
\@mathmargin=\skip50
For additional information on amsmath, use the `?' option.
(c:/Users/jzemm/AppData/Roaming/TinyTeX/texmf-dist/tex/latex/amsmath/amstext.sty
Package: amstext 2021/08/26 v2.01 AMS text
(c:/Users/jzemm/AppData/Roaming/TinyTeX/texmf-dist/tex/latex/amsmath/amsgen.sty
File: amsgen.sty 1999/11/30 v2.0 generic functions
\@emptytoks=\toks20
\ex@=\dimen140
)
LaTeX Info: Redefining \text on input line 28.
) (c:/Users/jzemm/AppData/Roaming/TinyTeX/texmf-dist/tex/latex/amsmath/amsbsy.sty
Package: amsbsy 1999/11/29 v1.2d Bold Symbols
\pmbraise@=\dimen141
) (c:/Users/jzemm/AppData/Roaming/TinyTeX/texmf-dist/tex/latex/amsmath/amsopn.sty
Package: amsopn 2022/04/08 v2.04 operator names
)
\inf@bad=\count196
LaTeX Info: Redefining \frac on input line 234.
\uproot@=\count197
\leftroot@=\count198
LaTeX Info: Redefining \overline on input line 399.
LaTeX Info: Redefining \colon on input line 410.
\classnum@=\count199
\DOTSCASE@=\count266
LaTeX Info: Redefining \ldots on input line 496.
LaTeX Info: Redefining \dots on input line 499.
LaTeX Info: Redefining \cdots on input line 620.
\Mathstrutbox@=\box66
\strutbox@=\box67
LaTeX Info: Redefining \big on input line 722.
LaTeX Info: Redefining \Big on input line 723.
LaTeX Info: Redefining \bigg on input line 724.
LaTeX Info: Redefining \Bigg on input line 725.
\big@size=\dimen142
LaTeX Font Info:    Redeclaring font encoding OML on input line 743.
LaTeX Font Info:    Redeclaring font encoding OMS on input line 744.
\macc@depth=\count267
LaTeX Info: Redefining \bmod on input line 905.
LaTeX Info: Redefining \pmod on input line 910.
LaTeX Info: Redefining \smash on input line 940.
LaTeX Info: Redefining \relbar on input line 970.
LaTeX Info: Redefining \Relbar on input line 971.
\c@MaxMatrixCols=\count268
\dotsspace@=\muskip16
\c@parentequation=\count269
\dspbrk@lvl=\count270
\tag@help=\toks21
\row@=\count271
\column@=\count272
\maxfields@=\count273
\andhelp@=\toks22
\eqnshift@=\dimen143
\alignsep@=\dimen144
\tagshift@=\dimen145
\tagwidth@=\dimen146
\totwidth@=\dimen147
\lineht@=\dimen148
\@envbody=\toks23
\multlinegap=\skip51
\multlinetaggap=\skip52
\mathdisplay@stack=\toks24
LaTeX Info: Redefining \[ on input line 2953.
LaTeX Info: Redefining \] on input line 2954.
) (c:/Users/jzemm/AppData/Roaming/TinyTeX/texmf-dist/tex/latex/url/url.sty
\Urlmuskip=\muskip17
Package: url 2013/09/16  ver 3.4  Verb mode for urls, etc.
) (c:/Users/jzemm/AppData/Roaming/TinyTeX/texmf-dist/tex/latex/natbib/natbib.sty
Package: natbib 2010/09/13 8.31b (PWD, AO)
\bibhang=\skip53
\bibsep=\skip54
LaTeX Info: Redefining \cite on input line 694.
\c@NAT@ctr=\count274
)
Class revtex4-1 Info: Repairing natbib's \BibitemShut on input line 7623.
(c:/Users/jzemm/AppData/Roaming/TinyTeX/texmf-dist/tex/latex/revtex4-1/revsymb4-1.sty
Package: revsymb4-1 2020/09/30 4.1s (http://publish.aps.org/revtex4/ for documentation)
LaTeX Info: Redefining \frak on input line 95.
LaTeX Info: Redefining \Bbb on input line 111.
LaTeX Info: Redefining \REV@mathfrak on input line 119.
)) (c:/Users/jzemm/AppData/Roaming/TinyTeX/texmf-dist/tex/latex/graphics/graphicx.sty
Package: graphicx 2021/09/16 v1.2d Enhanced LaTeX Graphics (DPC,SPQR)
(c:/Users/jzemm/AppData/Roaming/TinyTeX/texmf-dist/tex/latex/graphics/keyval.sty
Package: keyval 2022/05/29 v1.15 key=value parser (DPC)
\KV@toks@=\toks25
) (c:/Users/jzemm/AppData/Roaming/TinyTeX/texmf-dist/tex/latex/graphics/graphics.sty
Package: graphics 2022/03/10 v1.4e Standard LaTeX Graphics (DPC,SPQR)
(c:/Users/jzemm/AppData/Roaming/TinyTeX/texmf-dist/tex/latex/graphics/trig.sty
Package: trig 2021/08/11 v1.11 sin cos tan (DPC)
) (c:/Users/jzemm/AppData/Roaming/TinyTeX/texmf-dist/tex/latex/graphics-cfg/graphics.cfg
File: graphics.cfg 2016/06/04 v1.11 sample graphics configuration
)
Package graphics Info: Driver file: xetex.def on input line 107.
(c:/Users/jzemm/AppData/Roaming/TinyTeX/texmf-dist/tex/latex/graphics-def/xetex.def
File: xetex.def 2022/09/22 v5.0n Graphics/color driver for xetex
))
\Gin@req@height=\dimen149
\Gin@req@width=\dimen150
) (c:/Users/jzemm/AppData/Roaming/TinyTeX/texmf-dist/tex/latex/appendix/appendix.sty
Package: appendix 2020/02/08 v1.2c extra appendix facilities
\c@@pps=\count275
\c@@ppsavesec=\count276
\c@@ppsaveapp=\count277
) (c:/Users/jzemm/AppData/Roaming/TinyTeX/texmf-dist/tex/latex/tools/dcolumn.sty
Package: dcolumn 2014/10/28 v1.06 decimal alignment package (DPC)
(c:/Users/jzemm/AppData/Roaming/TinyTeX/texmf-dist/tex/latex/tools/array.sty
Package: array 2022/09/04 v2.5g Tabular extension package (FMi)
\col@sep=\dimen151
\ar@mcellbox=\box68
\extrarowheight=\dimen152
\NC@list=\toks26
\extratabsurround=\skip55
\backup@length=\skip56
\ar@cellbox=\box69
)) (c:/Users/jzemm/AppData/Roaming/TinyTeX/texmf-dist/tex/latex/tools/bm.sty
Package: bm 2022/01/05 v1.2f Bold Symbol Support (DPC/FMi)
\symboldoperators=\mathgroup6
\symboldletters=\mathgroup7
\symboldsymbols=\mathgroup8
Package bm Info: No bold for \OMX/cmex/m/n, using \pmb.
Package bm Info: No bold for \U/msa/m/n, using \pmb.
Package bm Info: No bold for \U/msb/m/n, using \pmb.
LaTeX Font Info:    Redeclaring math alphabet \mathbf on input line 149.
LaTeX Info: Redefining \bm on input line 219.
) (c:/Users/jzemm/AppData/Roaming/TinyTeX/texmf-dist/tex/latex/base/latexsym.sty
Package: latexsym 1998/08/17 v2.2e Standard LaTeX package (lasy symbols)
\symlasy=\mathgroup9
LaTeX Font Info:    Overwriting symbol font `lasy' in version `bold'
(Font)                  U/lasy/m/n --> U/lasy/b/n on input line 52.
) (c:/Users/jzemm/AppData/Roaming/TinyTeX/texmf-dist/tex/latex/lineno/lineno.sty
Package: lineno 2023/05/20 line numbers on paragraphs v5.3
(c:/Users/jzemm/AppData/Roaming/TinyTeX/texmf-dist/tex/latex/etoolbox/etoolbox.sty
Package: etoolbox 2020/10/05 v2.5k e-TeX tools for LaTeX (JAW)
\etb@tempcnta=\count278
)
Invalid UTF-8 byte or sequence at line 292 replaced by U+FFFD.
(c:/Users/jzemm/AppData/Roaming/TinyTeX/texmf-dist/tex/latex/kvoptions/kvoptions.sty
Package: kvoptions 2022-06-15 v3.15 Key value format for package options (HO)
(c:/Users/jzemm/AppData/Roaming/TinyTeX/texmf-dist/tex/generic/ltxcmds/ltxcmds.sty
Package: ltxcmds 2020-05-10 v1.25 LaTeX kernel commands for general use (HO)
) (c:/Users/jzemm/AppData/Roaming/TinyTeX/texmf-dist/tex/latex/kvsetkeys/kvsetkeys.sty
Package: kvsetkeys 2022-10-05 v1.19 Key value parser (HO)
))
\linenopenalty=\count279
\output=\toks27
\linenoprevgraf=\count280
\linenumbersep=\dimen153
\linenumberwidth=\dimen154
\c@linenumber=\count281
\c@pagewiselinenumber=\count282
\c@LN@truepage=\count283
\c@internallinenumber=\count284
\c@internallinenumbers=\count285
\quotelinenumbersep=\dimen155
\bframerule=\dimen156
\bframesep=\dimen157
\bframebox=\box70
\linenoamsmath@ams@eqpen=\count286
LaTeX Info: Redefining \\ on input line 3180.
) (c:/Users/jzemm/AppData/Roaming/TinyTeX/texmf-dist/tex/latex/adjustbox/adjustbox.sty
Package: adjustbox 2022/10/17 v1.3a Adjusting TeX boxes (trim, clip, ...)
(c:/Users/jzemm/AppData/Roaming/TinyTeX/texmf-dist/tex/latex/xkeyval/xkeyval.sty
Package: xkeyval 2022/06/16 v2.9 package option processing (HA)
(c:/Users/jzemm/AppData/Roaming/TinyTeX/texmf-dist/tex/generic/xkeyval/xkeyval.tex (c:/Users/jzemm/AppData/Roaming/TinyTeX/texmf-dist/tex/generic/xkeyval/xkvutils.tex
\XKV@toks=\toks28
\XKV@tempa@toks=\toks29
)
\XKV@depth=\count287
File: xkeyval.tex 2014/12/03 v2.7a key=value parser (HA)
)) (c:/Users/jzemm/AppData/Roaming/TinyTeX/texmf-dist/tex/latex/adjustbox/adjcalc.sty
Package: adjcalc 2012/05/16 v1.1 Provides advanced setlength with multiple back-ends (calc, etex, pgfmath)
) (c:/Users/jzemm/AppData/Roaming/TinyTeX/texmf-dist/tex/latex/adjustbox/trimclip.sty
Package: trimclip 2020/08/19 v1.2 Trim and clip general TeX material
(c:/Users/jzemm/AppData/Roaming/TinyTeX/texmf-dist/tex/latex/collectbox/collectbox.sty
Package: collectbox 2022/10/17 v0.4c Collect macro arguments as boxes
\collectedbox=\box71
)
\tc@llx=\dimen158
\tc@lly=\dimen159
\tc@urx=\dimen160
\tc@ury=\dimen161
Package trimclip Info: Using driver 'tc-xetex.def'.
(c:/Users/jzemm/AppData/Roaming/TinyTeX/texmf-dist/tex/latex/adjustbox/tc-xetex.def
File: tc-xetex.def 2019/01/04 v2.2 Clipping driver for xetex
))
\adjbox@Width=\dimen162
\adjbox@Height=\dimen163
\adjbox@Depth=\dimen164
\adjbox@Totalheight=\dimen165
\adjbox@pwidth=\dimen166
\adjbox@pheight=\dimen167
\adjbox@pdepth=\dimen168
\adjbox@ptotalheight=\dimen169
(c:/Users/jzemm/AppData/Roaming/TinyTeX/texmf-dist/tex/latex/ifoddpage/ifoddpage.sty
Package: ifoddpage 2022/10/18 v1.2 Conditionals for odd/even page detection
\c@checkoddpage=\count288
)) (c:/Users/jzemm/AppData/Roaming/TinyTeX/texmf-dist/tex/latex/tools/longtable.sty
Package: longtable 2021-09-01 v4.17 Multi-page Table package (DPC)
\LTleft=\skip57
\LTright=\skip58
\LTpre=\skip59
\LTpost=\skip60
\LTchunksize=\count289
\LTcapwidth=\dimen170
\LT@head=\box72
\LT@firsthead=\box73
\LT@foot=\box74
\LT@lastfoot=\box75
\LT@gbox=\box76
\LT@cols=\count290
\LT@rows=\count291
\c@LT@tables=\count292
\c@LT@chunks=\count293
\LT@p@ftn=\toks30
) (c:/Users/jzemm/AppData/Roaming/TinyTeX/texmf-dist/tex/latex/booktabs/booktabs.sty
Package: booktabs 2020/01/12 v1.61803398 Publication quality tables
\heavyrulewidth=\dimen171
\lightrulewidth=\dimen172
\cmidrulewidth=\dimen173
\belowrulesep=\dimen174
\belowbottomsep=\dimen175
\aboverulesep=\dimen176
\abovetopsep=\dimen177
\cmidrulesep=\dimen178
\cmidrulekern=\dimen179
\defaultaddspace=\dimen180
\@cmidla=\count294
\@cmidlb=\count295
\@aboverulesep=\dimen181
\@belowrulesep=\dimen182
\@thisruleclass=\count296
\@lastruleclass=\count297
\@thisrulewidth=\dimen183
) (c:/Users/jzemm/AppData/Roaming/TinyTeX/texmf-dist/tex/latex/algorithm2e/algorithm2e.sty
Invalid UTF-8 byte or sequence at line 284 replaced by U+FFFD.
Invalid UTF-8 byte or sequence at line 299 replaced by U+FFFD.
Invalid UTF-8 byte or sequence at line 550 replaced by U+FFFD.
Package: algorithm2e 2017/07/18 v5.2 algorithms environments
\c@AlgoLine=\count298
(c:/Users/jzemm/AppData/Roaming/TinyTeX/texmf-dist/tex/latex/base/ifthen.sty
Package: ifthen 2022/04/13 v1.1d Standard LaTeX ifthen package (DPC)
)
\algocf@hangindent=\skip61
(c:/Users/jzemm/AppData/Roaming/TinyTeX/texmf-dist/tex/latex/tools/xspace.sty
Package: xspace 2014/10/28 v1.13 Space after command names (DPC,MH)
) (c:/Users/jzemm/AppData/Roaming/TinyTeX/texmf-dist/tex/latex/relsize/relsize.sty
Package: relsize 2013/03/29 ver 4.1
)
\skiptotal=\skip62
\skiplinenumber=\skip63
\skiprule=\skip64
\skiphlne=\skip65
\skiptext=\skip66
\skiplength=\skip67
\algomargin=\skip68
\skipalgocfslide=\skip69
\algowidth=\dimen184
\inoutsize=\dimen185
\inoutindent=\dimen186
\interspacetitleruled=\dimen187
\interspacealgoruled=\dimen188
\interspacetitleboxruled=\dimen189
\algocf@ruledwidth=\skip70
\algocf@inoutbox=\box77
\algocf@inputbox=\box78
\AlCapSkip=\skip71
\AlCapHSkip=\skip72
\algoskipindent=\skip73
\algocf@nlbox=\box79
\algocf@hangingbox=\box80
\algocf@untilbox=\box81
\algocf@skipuntil=\skip74
\algocf@capbox=\box82
\algocf@lcaptionbox=\skip75
\algoheightruledefault=\skip76
\algoheightrule=\skip77
\algotitleheightruledefault=\skip78
\algotitleheightrule=\skip79
\c@algocfline=\count299
\c@algocfproc=\count300
\c@algocf=\count301
\algocf@algoframe=\box83
\algocf@algobox=\box84
) (c:/Users/jzemm/AppData/Roaming/TinyTeX/texmf-dist/tex/generic/soul/soul.sty
Package: soul 2023-06-14 v3.1 Permit use of UTF-8 characters in soul (HO)
(c:/Users/jzemm/AppData/Roaming/TinyTeX/texmf-dist/tex/generic/soul/soul-ori.sty
Package: soul-ori 2023-06-14 v3.1 letterspacing/underlining (mf)
\SOUL@word=\toks31
\SOUL@lasttoken=\toks32
\SOUL@syllable=\toks33
\SOUL@cmds=\toks34
\SOUL@buffer=\toks35
\SOUL@token=\toks36
\SOUL@syllgoal=\dimen190
\SOUL@syllwidth=\dimen191
\SOUL@charkern=\dimen192
\SOUL@hyphkern=\dimen193
\SOUL@dimen=\dimen194
\SOUL@dimeni=\dimen195
\SOUL@minus=\count302
\SOUL@comma=\count303
\SOUL@apo=\count304
\SOUL@grave=\count305
\SOUL@spaceskip=\skip80
\SOUL@ttwidth=\dimen196
\SOUL@uldp=\dimen197
\SOUL@ulht=\dimen198
) (c:/Users/jzemm/AppData/Roaming/TinyTeX/texmf-dist/tex/generic/infwarerr/infwarerr.sty
Package: infwarerr 2019/12/03 v1.5 Providing info/warning/error messages (HO)
) (c:/Users/jzemm/AppData/Roaming/TinyTeX/texmf-dist/tex/generic/etexcmds/etexcmds.sty
Package: etexcmds 2019/12/15 v1.7 Avoid name clashes with e-TeX commands (HO)
(c:/Users/jzemm/AppData/Roaming/TinyTeX/texmf-dist/tex/generic/iftex/iftex.sty
Package: iftex 2022/02/03 v1.0f TeX engine tests
))) (c:/Users/jzemm/AppData/Roaming/TinyTeX/texmf-dist/tex/latex/xcolor/xcolor.sty
Package: xcolor 2022/06/12 v2.14 LaTeX color extensions (UK)
(c:/Users/jzemm/AppData/Roaming/TinyTeX/texmf-dist/tex/latex/graphics-cfg/color.cfg
File: color.cfg 2016/01/02 v1.6 sample color configuration
)
Package xcolor Info: Driver file: xetex.def on input line 227.
(c:/Users/jzemm/AppData/Roaming/TinyTeX/texmf-dist/tex/latex/graphics/mathcolor.ltx)
Package xcolor Info: Model `cmy' substituted by `cmy0' on input line 1353.
Package xcolor Info: Model `RGB' extended on input line 1369.
Package xcolor Info: Model `HTML' substituted by `rgb' on input line 1371.
Package xcolor Info: Model `Hsb' substituted by `hsb' on input line 1372.
Package xcolor Info: Model `tHsb' substituted by `hsb' on input line 1373.
Package xcolor Info: Model `HSB' substituted by `hsb' on input line 1374.
Package xcolor Info: Model `Gray' substituted by `gray' on input line 1375.
Package xcolor Info: Model `wave' substituted by `hsb' on input line 1376.
) (c:/Users/jzemm/AppData/Roaming/TinyTeX/texmf-dist/tex/latex/hyperref/hyperref.sty
Package: hyperref 2023-07-08 v7.01b Hypertext links for LaTeX
(c:/Users/jzemm/AppData/Roaming/TinyTeX/texmf-dist/tex/generic/pdftexcmds/pdftexcmds.sty
Package: pdftexcmds 2020-06-27 v0.33 Utility functions of pdfTeX for LuaTeX (HO)
Package pdftexcmds Info: \pdf@primitive is available.
Package pdftexcmds Info: \pdf@ifprimitive is available.
Package pdftexcmds Info: \pdfdraftmode not found.
) (c:/Users/jzemm/AppData/Roaming/TinyTeX/texmf-dist/tex/generic/kvdefinekeys/kvdefinekeys.sty
Package: kvdefinekeys 2019-12-19 v1.6 Define keys (HO)
) (c:/Users/jzemm/AppData/Roaming/TinyTeX/texmf-dist/tex/generic/pdfescape/pdfescape.sty
Package: pdfescape 2019/12/09 v1.15 Implements pdfTeX's escape features (HO)
) (c:/Users/jzemm/AppData/Roaming/TinyTeX/texmf-dist/tex/latex/hycolor/hycolor.sty
Package: hycolor 2020-01-27 v1.10 Color options for hyperref/bookmark (HO)
) (c:/Users/jzemm/AppData/Roaming/TinyTeX/texmf-dist/tex/latex/letltxmacro/letltxmacro.sty
Package: letltxmacro 2019/12/03 v1.6 Let assignment for LaTeX macros (HO)
) (c:/Users/jzemm/AppData/Roaming/TinyTeX/texmf-dist/tex/latex/auxhook/auxhook.sty
Package: auxhook 2019-12-17 v1.6 Hooks for auxiliary files (HO)
) (c:/Users/jzemm/AppData/Roaming/TinyTeX/texmf-dist/tex/latex/hyperref/nameref.sty
Package: nameref 2023-08-07 v2.53 Cross-referencing by name of section
(c:/Users/jzemm/AppData/Roaming/TinyTeX/texmf-dist/tex/latex/refcount/refcount.sty
Package: refcount 2019/12/15 v3.6 Data extraction from label references (HO)
) (c:/Users/jzemm/AppData/Roaming/TinyTeX/texmf-dist/tex/generic/gettitlestring/gettitlestring.sty
Package: gettitlestring 2019/12/15 v1.6 Cleanup title references (HO)
)

Package nameref Warning: The definition of \label has changed! 
(nameref)                Check your packages! 
(nameref)                Replacing it with the kernel definition on input line 145.

\c@section@level=\count306
)
\@linkdim=\dimen199
\Hy@linkcounter=\count307
\Hy@pagecounter=\count308
(c:/Users/jzemm/AppData/Roaming/TinyTeX/texmf-dist/tex/latex/hyperref/pd1enc.def
File: pd1enc.def 2023-07-08 v7.01b Hyperref: PDFDocEncoding definition (HO)
) (c:/Users/jzemm/AppData/Roaming/TinyTeX/texmf-dist/tex/generic/intcalc/intcalc.sty
Package: intcalc 2019/12/15 v1.3 Expandable calculations with integers (HO)
)
\Hy@SavedSpaceFactor=\count309
(c:/Users/jzemm/AppData/Roaming/TinyTeX/texmf-dist/tex/latex/hyperref/puenc.def
File: puenc.def 2023-07-08 v7.01b Hyperref: PDF Unicode definition (HO)
)
Package hyperref Info: Option `bookmarks' set `false' on input line 4050.
Package hyperref Info: Option `pdfnewwindow' set `true' on input line 4050.
Package hyperref Info: Option `colorlinks' set `true' on input line 4050.
Package hyperref Info: Option `final' set `true' on input line 4050.
Package hyperref Info: Hyper figures OFF on input line 4167.
Package hyperref Info: Link nesting OFF on input line 4172.
Package hyperref Info: Hyper index ON on input line 4175.
Package hyperref Info: Plain pages OFF on input line 4182.
Package hyperref Info: Backreferencing OFF on input line 4187.
Package hyperref Info: Implicit mode ON; LaTeX internals redefined.
Package hyperref Info: Bookmarks OFF on input line 4440.
LaTeX Info: Redefining \href on input line 4683.
\c@Hy@tempcnt=\count310
LaTeX Info: Redefining \url on input line 4772.
\XeTeXLinkMargin=\dimen256
(c:/Users/jzemm/AppData/Roaming/TinyTeX/texmf-dist/tex/generic/bitset/bitset.sty
Package: bitset 2019/12/09 v1.3 Handle bit-vector datatype (HO)
(c:/Users/jzemm/AppData/Roaming/TinyTeX/texmf-dist/tex/generic/bigintcalc/bigintcalc.sty
Package: bigintcalc 2019/12/15 v1.5 Expandable calculations on big integers (HO)
))
\Fld@menulength=\count311
\Field@Width=\dimen257
\Fld@charsize=\dimen258
Package hyperref Info: Hyper figures OFF on input line 6051.
Package hyperref Info: Link nesting OFF on input line 6056.
Package hyperref Info: Hyper index ON on input line 6059.
Package hyperref Info: backreferencing OFF on input line 6066.
Package hyperref Info: Link coloring ON on input line 6069.
Package hyperref Info: Link coloring with OCG OFF on input line 6076.
Package hyperref Info: PDF/A mode OFF on input line 6081.
(c:/Users/jzemm/AppData/Roaming/TinyTeX/texmf-dist/tex/latex/base/atbegshi-ltx.sty
Package: atbegshi-ltx 2021/01/10 v1.0c Emulation of the original atbegshi
package with kernel methods
)
\Hy@abspage=\count312
\c@Item=\count313
\c@Hfootnote=\count314
)
Package hyperref Info: Driver (autodetected): hxetex.
(c:/Users/jzemm/AppData/Roaming/TinyTeX/texmf-dist/tex/latex/hyperref/hxetex.def
File: hxetex.def 2023-07-08 v7.01b Hyperref driver for XeTeX
(c:/Users/jzemm/AppData/Roaming/TinyTeX/texmf-dist/tex/generic/stringenc/stringenc.sty
Package: stringenc 2019/11/29 v1.12 Convert strings between diff. encodings (HO)
)
\pdfm@box=\box85
\c@Hy@AnnotLevel=\count315
\HyField@AnnotCount=\count316
\Fld@listcount=\count317
\c@bookmark@seq@number=\count318
(c:/Users/jzemm/AppData/Roaming/TinyTeX/texmf-dist/tex/latex/rerunfilecheck/rerunfilecheck.sty
Package: rerunfilecheck 2022-07-10 v1.10 Rerun checks for auxiliary files (HO)
(c:/Users/jzemm/AppData/Roaming/TinyTeX/texmf-dist/tex/latex/base/atveryend-ltx.sty
Package: atveryend-ltx 2020/08/19 v1.0a Emulation of the original atveryend package
with kernel methods
) (c:/Users/jzemm/AppData/Roaming/TinyTeX/texmf-dist/tex/generic/uniquecounter/uniquecounter.sty
Package: uniquecounter 2019/12/15 v1.4 Provide unlimited unique counter (HO)
)
Package uniquecounter Info: New unique counter `rerunfilecheck' on input line 285.
)
\Hy@SectionHShift=\skip81
)
\refchangenumber=\count319
\listchangenum=\count320
\c@figureplusone=\count321
\currentpage=\count322
\c@multimedia=\count323
(c:/Users/jzemm/AppData/Roaming/TinyTeX/texmf-dist/tex/latex/endnotes/endnotes.sty
Invalid UTF-8 byte or sequence at line 118 replaced by U+FFFD.
Invalid UTF-8 byte or sequence at line 118 replaced by U+FFFD.
Invalid UTF-8 byte or sequence at line 121 replaced by U+FFFD.
Invalid UTF-8 byte or sequence at line 121 replaced by U+FFFD.
Package: endnotes 2020-01-02 endnotes package
\c@endnote=\count324
\endnotesep=\dimen259
\@enotes=\write4
)
\reprintcolumnwidth=\dimen260
)
Class revtex4-1 Info: Unrecognized array package. Please update this document class! (Proceeding with fingers crossed.) on input line 58.
Class revtex4-1 Info: Patching unrecognized longtable package. (Proceeding with fingers crossed) on input line 58.
Class revtex4-1 Info: cite was not loaded (OK!) on input line 58.
Class revtex4-1 Info: mcite was not loaded (OK!) on input line 58.
Class revtex4-1 Info: multicol was not loaded (OK!) on input line 58.
(c:/Users/jzemm/AppData/Roaming/TinyTeX/texmf-dist/tex/latex/l3backend/l3backend-xetex.def
File: l3backend-xetex.def 2023-04-19 L3 backend support: XeTeX
\g__graphics_track_int=\count325
\l__pdf_internal_box=\box86
\g__pdf_backend_object_int=\count326
\g__pdf_backend_annotation_int=\count327
\g__pdf_backend_link_int=\count328
) (./zemmels_hofmann_vanderplas.aux)
\openout1 = `zemmels_hofmann_vanderplas.aux'.

LaTeX Font Info:    Checking defaults for OML/cmm/m/it on input line 58.
LaTeX Font Info:    ... okay on input line 58.
LaTeX Font Info:    Checking defaults for OMS/cmsy/m/n on input line 58.
LaTeX Font Info:    ... okay on input line 58.
LaTeX Font Info:    Checking defaults for OT1/cmr/m/n on input line 58.
LaTeX Font Info:    ... okay on input line 58.
LaTeX Font Info:    Checking defaults for T1/cmr/m/n on input line 58.
LaTeX Font Info:    ... okay on input line 58.
LaTeX Font Info:    Checking defaults for TS1/cmr/m/n on input line 58.
LaTeX Font Info:    Trying to load font information for TS1+cmr on input line 58.
(c:/Users/jzemm/AppData/Roaming/TinyTeX/texmf-dist/tex/latex/base/ts1cmr.fd
File: ts1cmr.fd 2023/04/13 v2.5m Standard LaTeX font definitions
)
LaTeX Font Info:    ... okay on input line 58.
LaTeX Font Info:    Checking defaults for TU/lmr/m/n on input line 58.
LaTeX Font Info:    ... okay on input line 58.
LaTeX Font Info:    Checking defaults for OMX/cmex/m/n on input line 58.
LaTeX Font Info:    ... okay on input line 58.
LaTeX Font Info:    Checking defaults for U/cmr/m/n on input line 58.
LaTeX Font Info:    ... okay on input line 58.
LaTeX Font Info:    Checking defaults for PD1/pdf/m/n on input line 58.
LaTeX Font Info:    ... okay on input line 58.
LaTeX Font Info:    Checking defaults for PU/pdf/m/n on input line 58.
LaTeX Font Info:    ... okay on input line 58.
Package hyperref Info: Link coloring ON on input line 58.
Class revtex4-1 Info: Overriding lineo.sty, restoring output routine, on input line 58.
Class revtex4-1 Info: Line numbering not turned on yet on input line 58.
\openout3 = `zemmels_hofmann_vanderplasNotes.bib'.

Class revtex4-1 Info: Overriding \@LN@LLerror on input line 58.
LaTeX Font Info:    Trying to load font information for U+msa on input line 124.
(c:/Users/jzemm/AppData/Roaming/TinyTeX/texmf-dist/tex/latex/amsfonts/umsa.fd
File: umsa.fd 2013/01/14 v3.01 AMS symbols A
)
LaTeX Font Info:    Trying to load font information for U+msb on input line 124.
(c:/Users/jzemm/AppData/Roaming/TinyTeX/texmf-dist/tex/latex/amsfonts/umsb.fd
File: umsb.fd 2013/01/14 v3.01 AMS symbols B
)
LaTeX Font Info:    Trying to load font information for U+lasy on input line 124.
(c:/Users/jzemm/AppData/Roaming/TinyTeX/texmf-dist/tex/latex/base/ulasy.fd
File: ulasy.fd 1998/08/17 v2.2e LaTeX symbol font definitions
)
\openout4 = `zemmels_hofmann_vanderplas.ent'.

LaTeX Font Info:    Font shape `TU/lmss/bx/it' in size <10> not available
(Font)              Font shape `TU/lmss/bx/sl' tried instead on input line 193.
File: figures/preProcessEffect.png Graphic file (type bmp)
<figures/preProcessEffect.png>

Overfull \hbox (9.0pt too wide) in paragraph at lines 217--217
 [][] 
 []

[1]

LaTeX Warning: A float is stuck (cannot be placed) on input line 239.


LaTeX Warning: A float is stuck (cannot be placed) on input line 239.


Class revtex4-1 Warning: Deferred float stuck during \clearpage processing.

[2]
File: figures/matchPair.png Graphic file (type bmp)
<figures/matchPair.png>

Overfull \hbox (9.0pt too wide) in paragraph at lines 366--366
 [][] 
 []

[3]
File: images/cellGridExample_nonMatch.png Graphic file (type bmp)
<images/cellGridExample_nonMatch.png>

Overfull \hbox (9.0pt too wide) in paragraph at lines 444--444
 [][] 
 []


Underfull \hbox (badness 4366) in paragraph at lines 524--527
[]\TU/lmr/m/n/10 We compute two features, the \TU/lmr/bx/n/10 average \TU/lmr/m/n/10 and
 []

[4]
File: figures/dbscanScatterplot.png Graphic file (type bmp)
<figures/dbscanScatterplot.png>

Overfull \hbox (9.0pt too wide) in paragraph at lines 610--610
 [][] 
 []

[5]
Underfull \hbox (badness 4673) in paragraph at lines 653--658
[]\TU/lmr/m/n/10 In summary, there are 10 total features, 6
 []


Underfull \hbox (badness 10000) in paragraph at lines 662--663
[]|\TU/lmr/m/n/9 Full-scan pairwise-complete
 []


Underfull \hbox (badness 10000) in paragraph at lines 663--664
[]|\TU/lmr/m/n/9 Average cell-based pairwise-
 []


Underfull \hbox (badness 10000) in paragraph at lines 670--671
[]|\TU/lmr/m/n/9 Absolute sum of the density-
 []


Overfull \hbox (5.5376pt too wide) in paragraph at lines 661--673
 []$[]$ 
 []


Underfull \hbox (badness 2269) in paragraph at lines 691--698
[]\TU/lmr/m/n/10 We use 10-fold cross-validation repeated thrice
 []


<<<<<<< HEAD
Underfull \hbox (badness 3965) in paragraph at lines 723--726
=======
Underfull \hbox (badness 3965) in paragraph at lines 724--727
>>>>>>> e212ba87b767191950cc9b3480b9f8d800c0b08f
 []\TU/lmr/m/n/10 DBSCAN parameters $\OML/cmm/m/it/10 ^^O \OMS/cmsy/m/n/10 2 f\OT1/cmr/m/n/10 3\OML/cmm/m/it/10 ; \OT1/cmr/m/n/10 4\OML/cmm/m/it/10 ; :::; \OT1/cmr/m/n/10 15\OMS/cmsy/m/n/10 g$ \TU/lmr/m/n/10 and
 []

[6]
File: images/resultsPlots/rocPlot.png Graphic file (type bmp)
<images/resultsPlots/rocPlot.png>
<<<<<<< HEAD
File: images/resultsPlots/classifResultsPlt_trainTest.png Graphic file (type bmp)
<images/resultsPlots/classifResultsPlt_trainTest.png>

LaTeX Warning: Reference `tab:registrationFeatures' on page 7 undefined on input line 849.

=======

LaTeX Warning: Reference `tab:registrationFeatures' on page 7 undefined on input line 816.

File: images/resultsPlots/classifResultsPlt_trainTest.png Graphic file (type bmp)
<images/resultsPlots/classifResultsPlt_trainTest.png>
>>>>>>> e212ba87b767191950cc9b3480b9f8d800c0b08f
[7] [8]
File: images/resultsPlots/testProbs_plt.png Graphic file (type bmp)
<images/resultsPlots/testProbs_plt.png>

<<<<<<< HEAD
Overfull \hbox (9.0pt too wide) in paragraph at lines 898--899
=======
Overfull \hbox (9.0pt too wide) in paragraph at lines 892--893
>>>>>>> e212ba87b767191950cc9b3480b9f8d800c0b08f
 [][] 
 []

File: images/resultsPlots/misclassifPlt.png Graphic file (type bmp)
<images/resultsPlots/misclassifPlt.png>
File: images/resultsPlots/varImpPlt.png Graphic file (type bmp)
<images/resultsPlots/varImpPlt.png>

<<<<<<< HEAD
Overfull \hbox (9.0pt too wide) in paragraph at lines 959--959
 [][] 
 []

[9]
Underfull \hbox (badness 10000) in paragraph at lines 988--988
[]|\TU/lmr/m/n/9 Original
 []


Underfull \hbox (badness 10000) in paragraph at lines 990--990
[]|[][]\TU/lmr/m/n/9 Song[][]
 []


Underfull \hbox (badness 10000) in paragraph at lines 990--990
[]|\TU/lmr/m/n/9 Use [][]algo-
 []


Underfull \hbox (badness 10000) in paragraph at lines 990--990
\TU/lmr/m/n/9 rithm 2[][][] to
 []


Underfull \hbox (badness 10000) in paragraph at lines 990--990
\TU/lmr/m/n/9 estimate
 []


Underfull \hbox (badness 10000) in paragraph at lines 990--990
\TU/lmr/m/n/9 cell-based
 []


Underfull \hbox (badness 10000) in paragraph at lines 990--990
[]|\TU/lmr/m/n/9 Call cells
 []


Underfull \hbox (badness 10000) in paragraph at lines 990--990
\TU/lmr/m/n/9 Congruent
 []


Underfull \hbox (badness 10000) in paragraph at lines 990--990
\TU/lmr/m/n/9 Matching
 []


Underfull \hbox (badness 10000) in paragraph at lines 990--990
\TU/lmr/m/n/9 registrations
 []


Underfull \hbox (badness 10000) in paragraph at lines 990--990
\TU/lmr/m/n/9 are close
 []


Underfull \hbox (badness 10000) in paragraph at lines 990--990
\TU/lmr/m/n/9 to a refer-
 []


Underfull \hbox (badness 10000) in paragraph at lines 990--990
\TU/lmr/m/n/9 ence value.
 []


Underfull \hbox (badness 10000) in paragraph at lines 990--990
\TU/lmr/m/n/9 Classify a
 []


Underfull \hbox (badness 10000) in paragraph at lines 990--990
\TU/lmr/m/n/9 pair as a
 []


Underfull \hbox (badness 1281) in paragraph at lines 990--990
\TU/lmr/m/n/9 match if the
 []


Underfull \hbox (badness 10000) in paragraph at lines 990--991
[]|\TU/lmr/m/n/9 Compute
 []


Underfull \hbox (badness 10000) in paragraph at lines 990--991
\TU/lmr/m/n/9 six summa-
 []


Underfull \hbox (badness 10000) in paragraph at lines 990--991
\TU/lmr/m/n/9 tive features
 []


Underfull \hbox (badness 10000) in paragraph at lines 990--991
\TU/lmr/m/n/9 registrations.
 []


Underfull \hbox (badness 10000) in paragraph at lines 990--991
\TU/lmr/m/n/9 Use features
 []


Underfull \hbox (badness 10000) in paragraph at lines 992--992
[]|[][]\TU/lmr/m/n/9 Zhang
 []


Underfull \hbox (badness 10000) in paragraph at lines 992--992
\TU/lmr/m/it/9 et al.[][]
 []


Underfull \hbox (badness 6396) in paragraph at lines 992--992
\TU/lmr/m/n/9 algorithm to
 []


Underfull \hbox (badness 5548) in paragraph at lines 992--992
\TU/lmr/m/n/9 identify cells
 []


Underfull \hbox (badness 10000) in paragraph at lines 992--992
\TU/lmr/m/n/9 that reach
 []


Underfull \hbox (badness 10000) in paragraph at lines 992--992
\TU/lmr/m/n/9 a consensus
 []


Underfull \hbox (badness 10000) in paragraph at lines 992--992
[]|\TU/lmr/m/n/9 Classify a
 []


Underfull \hbox (badness 10000) in paragraph at lines 992--992
\TU/lmr/m/n/9 cartridge
 []


Underfull \hbox (badness 3078) in paragraph at lines 992--992
\TU/lmr/m/n/9 case pair as
 []


Underfull \hbox (badness 10000) in paragraph at lines 992--992
\TU/lmr/m/n/9 a match if
 []


Underfull \hbox (badness 10000) in paragraph at lines 992--992
\TU/lmr/m/n/9 a DBSCAN
 []


Underfull \hbox (badness 10000) in paragraph at lines 992--992
\TU/lmr/m/n/9 cluster is
 []


Underfull \hbox (badness 10000) in paragraph at lines 992--993
\TU/lmr/m/n/9 tures based
 []


Underfull \hbox (badness 2334) in paragraph at lines 992--993
\TU/lmr/m/n/9 on DBSCAN
 []


Underfull \hbox (badness 10000) in paragraph at lines 992--993
\TU/lmr/m/n/9 clusters
 []


Underfull \hbox (badness 10000) in paragraph at lines 992--993
\TU/lmr/m/n/9 across both
 []


Underfull \hbox (badness 10000) in paragraph at lines 992--993
\TU/lmr/m/n/9 comparison
 []


Underfull \hbox (badness 10000) in paragraph at lines 992--993
\TU/lmr/m/n/9 directions.
 []


Underfull \hbox (badness 10000) in paragraph at lines 992--993
\TU/lmr/m/n/9 Use features
 []


Overfull \hbox (47.35315pt too wide) in paragraph at lines 1019--1026
 []$[]$ 
 []

[10]

LaTeX Warning: A float is stuck (cannot be placed) on input line 1044.


LaTeX Warning: A float is stuck (cannot be placed) on input line 1044.
=======
Overfull \hbox (9.0pt too wide) in paragraph at lines 951--951
 [][] 
 []


Underfull \hbox (badness 1270) in paragraph at lines 981--981
\TU/lmr/m/n/9 identify cells that reach a
 []


Underfull \hbox (badness 4254) in paragraph at lines 981--982
\TU/lmr/m/n/9 tures based on DBSCAN
 []

[9] [10]

LaTeX Warning: A float is stuck (cannot be placed) on input line 1017.


LaTeX Warning: A float is stuck (cannot be placed) on input line 1017.
>>>>>>> e212ba87b767191950cc9b3480b9f8d800c0b08f


Class revtex4-1 Warning: Deferred float stuck during \clearpage processing.

<<<<<<< HEAD
[11]
Underfull \hbox (badness 1354) in paragraph at lines 1100--1107
=======

Underfull \hbox (badness 1354) in paragraph at lines 1035--1042
>>>>>>> e212ba87b767191950cc9b3480b9f8d800c0b08f
[]\TU/lmr/m/n/10 This work was partially funded by the Center
 []


<<<<<<< HEAD
Underfull \hbox (badness 6758) in paragraph at lines 1100--1107
=======
Underfull \hbox (badness 6758) in paragraph at lines 1035--1042
>>>>>>> e212ba87b767191950cc9b3480b9f8d800c0b08f
\TU/lmr/m/n/10 for Statistics and Applications in Forensic Evi-
 []


<<<<<<< HEAD
Underfull \hbox (badness 10000) in paragraph at lines 1100--1107
=======
Underfull \hbox (badness 10000) in paragraph at lines 1035--1042
>>>>>>> e212ba87b767191950cc9b3480b9f8d800c0b08f
\TU/lmr/m/n/10 dence (CSAFE) through Cooperative Agreement
 []


<<<<<<< HEAD
Underfull \hbox (badness 3724) in paragraph at lines 1100--1107
=======
Underfull \hbox (badness 3724) in paragraph at lines 1035--1042
>>>>>>> e212ba87b767191950cc9b3480b9f8d800c0b08f
\TU/lmr/m/n/10 Mellon University, Duke University, University of
 []


<<<<<<< HEAD
Underfull \hbox (badness 2057) in paragraph at lines 1100--1107
=======
Underfull \hbox (badness 2057) in paragraph at lines 1035--1042
>>>>>>> e212ba87b767191950cc9b3480b9f8d800c0b08f
\TU/lmr/m/n/10 University, University of Pennsylvania, Swarthmore
 []

File: images/resultsPlots/featureDensity_registration.png Graphic file (type bmp)
<images/resultsPlots/featureDensity_registration.png>

<<<<<<< HEAD
Overfull \hbox (9.0pt too wide) in paragraph at lines 1119--1119
=======
Overfull \hbox (9.0pt too wide) in paragraph at lines 1054--1054
>>>>>>> e212ba87b767191950cc9b3480b9f8d800c0b08f
 [][] 
 []

File: images/resultsPlots/featureDensity_densityBased.png Graphic file (type bmp)
<images/resultsPlots/featureDensity_densityBased.png>

<<<<<<< HEAD
Overfull \hbox (9.0pt too wide) in paragraph at lines 1123--1123
 [][] 
 []

(./zemmels_hofmann_vanderplas.bbl (./zemmels_hofmann_vanderplas.ent [12])
=======
Overfull \hbox (9.0pt too wide) in paragraph at lines 1058--1058
 [][] 
 []

(./zemmels_hofmann_vanderplas.bbl (./zemmels_hofmann_vanderplas.ent [11]

LaTeX Warning: A float is stuck (cannot be placed) on input line 2.


LaTeX Warning: A float is stuck (cannot be placed) on input line 2.


Class revtex4-1 Warning: Deferred float stuck during \clearpage processing.

)
>>>>>>> e212ba87b767191950cc9b3480b9f8d800c0b08f
Underfull \hbox (badness 3919) in paragraph at lines 36--37
 \TU/lmr/m/it/8 An Introduction to Statistical Learning: with Applica-
 []


Underfull \hbox (badness 1102) in paragraph at lines 36--37
 \TU/lmr/m/it/8 tions in R \TU/lmr/m/n/8 (Springer), [][]$[][][][][] [] [] [] [][][][][][][] [] [][][][][][][][] [] [][][] [] [][][] []
 []


Underfull \hbox (badness 1881) in paragraph at lines 51--52
 \TU/lmr/m/n/8 of feature-comparison methods,” [][]$[][][][][] [] [] [] [][][][][][][][][][][][][][][] []
 []


Underfull \hbox (badness 10000) in paragraph at lines 51--52
 [][][][][][][][] [] [][][] [] [][][][][] [] [][][][][][][] [] [][][][][] [] [][][][][][][][][][] [] [][][][] [] [][][][][] []
 []


Underfull \hbox (badness 1424) in paragraph at lines 69--70
 \TU/lmr/m/n/8 Filliben, J. J., Ma, L., Rhee, H. G., Zheng, A., Song,
 []


Underfull \hbox (badness 2521) in paragraph at lines 69--70
 \TU/lmr/m/n/8 J. F., Riley, M., Foreman, C. D., and Ballou, S. M.
 []

<<<<<<< HEAD
) [13] (./zemmels_hofmann_vanderplas.aux)
=======
[12]) [13] (./zemmels_hofmann_vanderplas.aux)
>>>>>>> e212ba87b767191950cc9b3480b9f8d800c0b08f
 ***********
LaTeX2e <2023-06-01> patch level 1
L3 programming layer <2023-08-29>
 ***********

LaTeX Warning: There were undefined references.

 ) 
Here is how much of TeX's memory you used:
<<<<<<< HEAD
 15438 strings out of 477590
 247601 string characters out of 5817186
 1963416 words of memory out of 5000000
 36340 multiletter control sequences out of 15000+600000
 571449 words of font info for 113 fonts, out of 8000000 for 9000
 14 hyphenation exceptions out of 8191
 85i,19n,93p,937b,522s stack positions out of 10000i,1000n,20000p,200000b,200000s
=======
 15387 strings out of 477583
 246648 string characters out of 5816311
 1980416 words of memory out of 5000000
 36295 multiletter control sequences out of 15000+600000
 571449 words of font info for 113 fonts, out of 8000000 for 9000
 14 hyphenation exceptions out of 8191
 85i,19n,93p,937b,545s stack positions out of 10000i,1000n,20000p,200000b,200000s
>>>>>>> e212ba87b767191950cc9b3480b9f8d800c0b08f

Output written on zemmels_hofmann_vanderplas.pdf (13 pages).
